This file contains any messages produced by compilers while
running configure, to aid debugging if configure makes a mistake.

It was created by Monitoring API configure 0.1, which was
generated by GNU Autoconf 2.57.  Invocation command line was

  $ ./configure 

## --------- ##
## Platform. ##
## --------- ##

hostname = stealth
uname -m = i686
uname -r = 2.4.21perfcnt
uname -s = Linux
uname -v = #9 Sat Sep 20 14:51:14 EEST 2003

/usr/bin/uname -p = unknown
/bin/uname -X     = unknown

/bin/arch              = i686
/usr/bin/arch -k       = unknown
/usr/convex/getsysinfo = unknown
hostinfo               = unknown
/bin/machine           = unknown
/usr/bin/oslevel       = unknown
/bin/universe          = unknown

PATH: /usr/local/sbin
PATH: /usr/local/bin
PATH: /sbin
PATH: /bin
PATH: /usr/sbin
PATH: /usr/bin
PATH: /usr/X11R6/bin
PATH: /usr/java/j2sdk1.4.1_03/bin
PATH: /usr/local/mysqlcc
PATH: /usr/local/armbe/bin
PATH: /opt/ixasdk/bin
PATH: /root/bin
PATH: /usr/java/j2sdk1.4.1_03/bin
PATH: /usr/local/mysqlcc
PATH: /usr/local/armbe/bin
PATH: /opt/ixasdk/bin
PATH: /usr/java/j2sdk1.4.1_03/bin
PATH: /usr/local/mysqlcc
PATH: /usr/local/armbe/bin
PATH: /opt/ixasdk/bin


## ----------- ##
## Core tests. ##
## ----------- ##

configure:1328: checking for a BSD-compatible install
configure:1382: result: /usr/bin/install -c
configure:1393: checking whether build environment is sane
configure:1436: result: yes
configure:1469: checking for gawk
configure:1485: found /bin/gawk
configure:1495: result: gawk
configure:1505: checking whether make sets $(MAKE)
configure:1525: result: yes
configure:1724: checking for gcc
configure:1740: found /usr/bin/gcc
configure:1750: result: gcc
configure:1994: checking for C compiler version
configure:1997: gcc --version </dev/null >&5
gcc (GCC) 3.2.2 20030222 (Red Hat Linux 3.2.2-5)
Copyright (C) 2002 Free Software Foundation, Inc.
This is free software; see the source for copying conditions.  There is NO
warranty; not even for MERCHANTABILITY or FITNESS FOR A PARTICULAR PURPOSE.

configure:2000: $? = 0
configure:2002: gcc -v </dev/null >&5
Reading specs from /usr/lib/gcc-lib/i386-redhat-linux/3.2.2/specs
Configured with: ../configure --prefix=/usr --mandir=/usr/share/man --infodir=/usr/share/info --enable-shared --enable-threads=posix --disable-checking --with-system-zlib --enable-__cxa_atexit --host=i386-redhat-linux
Thread model: posix
gcc version 3.2.2 20030222 (Red Hat Linux 3.2.2-5)
configure:2005: $? = 0
configure:2007: gcc -V </dev/null >&5
gcc: argument to `-V' is missing
configure:2010: $? = 1
configure:2034: checking for C compiler default output
configure:2037: gcc    conftest.c  >&5
configure:2040: $? = 0
configure:2086: result: a.out
configure:2091: checking whether the C compiler works
configure:2097: ./a.out
configure:2100: $? = 0
configure:2117: result: yes
configure:2124: checking whether we are cross compiling
configure:2126: result: no
configure:2129: checking for suffix of executables
configure:2131: gcc -o conftest    conftest.c  >&5
configure:2134: $? = 0
configure:2159: result: 
configure:2165: checking for suffix of object files
configure:2187: gcc -c   conftest.c >&5
configure:2190: $? = 0
configure:2212: result: o
configure:2216: checking whether we are using the GNU C compiler
configure:2241: gcc -c   conftest.c >&5
configure:2244: $? = 0
configure:2247: test -s conftest.o
configure:2250: $? = 0
configure:2263: result: yes
configure:2269: checking whether gcc accepts -g
configure:2291: gcc -c -g  conftest.c >&5
configure:2294: $? = 0
configure:2297: test -s conftest.o
configure:2300: $? = 0
configure:2311: result: yes
configure:2328: checking for gcc option to accept ANSI C
configure:2389: gcc  -c -g -O2  conftest.c >&5
configure:2392: $? = 0
configure:2395: test -s conftest.o
configure:2398: $? = 0
configure:2416: result: none needed
configure:2434: gcc -c -g -O2  conftest.c >&5
conftest.c:2: parse error before "me"
configure:2437: $? = 1
configure: failed program was:
| #ifndef __cplusplus
|   choke me
| #endif
configure:2565: checking for style of include used by make
configure:2593: result: GNU
configure:2621: checking dependency style of gcc
configure:2683: result: gcc3
configure:2729: checking for ranlib
configure:2745: found /usr/bin/ranlib
configure:2756: result: ranlib
configure:2780: checking for a BSD-compatible install
configure:2834: result: /usr/bin/install -c
configure:2845: checking whether ln -s works
configure:2849: result: yes
configure:2859: checking for an ANSI C-conforming const
configure:2927: gcc -c -g -O2  conftest.c >&5
configure:2930: $? = 0
configure:2933: test -s conftest.o
configure:2936: $? = 0
configure:2947: result: yes
configure:2957: checking for inline
configure:2979: gcc -c -g -O2  conftest.c >&5
configure:2982: $? = 0
configure:2985: test -s conftest.o
configure:2988: $? = 0
configure:3000: result: inline
configure:3016: checking gcc for -Wall option
configure:3050: gcc -c -g -O2 -pedantic  -Wall  conftest.c >&5
configure:3053: $? = 0
configure:3056: test -s conftest.o
configure:3059: $? = 0
configure:3078: result: -Wall
configure:3090: : LIBMAPI_CFLAGS="$LIBMAPI_CFLAGS $ac_cv_cflags_option__Wall"
configure:3093: $? = 0
configure:3100: checking gcc for -finline-functions option
configure:3134: gcc -c -g -O2 -pedantic  -finline-functions  conftest.c >&5
configure:3137: $? = 0
configure:3140: test -s conftest.o
configure:3143: $? = 0
configure:3162: result: -finline-functions
configure:3174: : LIBMAPI_CFLAGS="$LIBMAPI_CFLAGS $ac_cv_cflags_option__finline_functions"
configure:3177: $? = 0
configure:3184: checking gcc for -funroll-all-loops option
configure:3218: gcc -c -g -O2 -pedantic  -funroll-all-loops  conftest.c >&5
configure:3221: $? = 0
configure:3224: test -s conftest.o
configure:3227: $? = 0
configure:3246: result: -funroll-all-loops
configure:3258: : LIBMAPI_CFLAGS="$LIBMAPI_CFLAGS $ac_cv_cflags_option__funroll_all_loops"
configure:3261: $? = 0
configure:3268: checking gcc for -O3 option
configure:3302: gcc -c -g -O2 -pedantic  -O3  conftest.c >&5
configure:3305: $? = 0
configure:3308: test -s conftest.o
configure:3311: $? = 0
configure:3330: result: -O3
configure:3342: : LIBMAPI_CFLAGS="$LIBMAPI_CFLAGS $ac_cv_cflags_option__O3"
configure:3345: $? = 0
configure:3361: checking how to run the C preprocessor
configure:3397: gcc -E  conftest.c
configure:3403: $? = 0
configure:3435: gcc -E  conftest.c
configure:3436:28: ac_nonexistent.h: No such file or directory
configure:3441: $? = 1
configure: failed program was:
| #line 3426 "configure"
| /* confdefs.h.  */
| 
| #define PACKAGE_NAME "Monitoring API"
| #define PACKAGE_TARNAME "monitoring-api"
| #define PACKAGE_VERSION "0.1"
| #define PACKAGE_STRING "Monitoring API 0.1"
| #define PACKAGE_BUGREPORT "xinidis@csd.uoc.gr"
| #define PACKAGE "libmapi"
| #define VERSION "0.0.1"
| /* end confdefs.h.  */
| #include <ac_nonexistent.h>
configure:3479: result: gcc -E
configure:3504: gcc -E  conftest.c
configure:3510: $? = 0
configure:3542: gcc -E  conftest.c
configure:3543:28: ac_nonexistent.h: No such file or directory
configure:3548: $? = 1
configure: failed program was:
| #line 3533 "configure"
| /* confdefs.h.  */
| 
| #define PACKAGE_NAME "Monitoring API"
| #define PACKAGE_TARNAME "monitoring-api"
| #define PACKAGE_VERSION "0.1"
| #define PACKAGE_STRING "Monitoring API 0.1"
| #define PACKAGE_BUGREPORT "xinidis@csd.uoc.gr"
| #define PACKAGE "libmapi"
| #define VERSION "0.0.1"
| /* end confdefs.h.  */
| #include <ac_nonexistent.h>
configure:3591: checking for egrep
configure:3601: result: grep -E
configure:3606: checking for ANSI C header files
configure:3632: gcc -c -g -O2  conftest.c >&5
configure:3635: $? = 0
configure:3638: test -s conftest.o
configure:3641: $? = 0
configure:3730: gcc -o conftest -g -O2   conftest.c  >&5
configure:3733: $? = 0
configure:3735: ./conftest
configure:3738: $? = 0
configure:3753: result: yes
configure:3777: checking for sys/types.h
configure:3794: gcc -c -g -O2  conftest.c >&5
configure:3797: $? = 0
configure:3800: test -s conftest.o
configure:3803: $? = 0
configure:3814: result: yes
configure:3777: checking for sys/stat.h
configure:3794: gcc -c -g -O2  conftest.c >&5
configure:3797: $? = 0
configure:3800: test -s conftest.o
configure:3803: $? = 0
configure:3814: result: yes
configure:3777: checking for stdlib.h
configure:3794: gcc -c -g -O2  conftest.c >&5
configure:3797: $? = 0
configure:3800: test -s conftest.o
configure:3803: $? = 0
configure:3814: result: yes
configure:3777: checking for string.h
configure:3794: gcc -c -g -O2  conftest.c >&5
configure:3797: $? = 0
configure:3800: test -s conftest.o
configure:3803: $? = 0
configure:3814: result: yes
configure:3777: checking for memory.h
configure:3794: gcc -c -g -O2  conftest.c >&5
configure:3797: $? = 0
configure:3800: test -s conftest.o
configure:3803: $? = 0
configure:3814: result: yes
configure:3777: checking for strings.h
configure:3794: gcc -c -g -O2  conftest.c >&5
configure:3797: $? = 0
configure:3800: test -s conftest.o
configure:3803: $? = 0
configure:3814: result: yes
configure:3777: checking for inttypes.h
configure:3794: gcc -c -g -O2  conftest.c >&5
configure:3797: $? = 0
configure:3800: test -s conftest.o
configure:3803: $? = 0
configure:3814: result: yes
configure:3777: checking for stdint.h
configure:3794: gcc -c -g -O2  conftest.c >&5
configure:3797: $? = 0
configure:3800: test -s conftest.o
configure:3803: $? = 0
configure:3814: result: yes
configure:3777: checking for unistd.h
configure:3794: gcc -c -g -O2  conftest.c >&5
configure:3797: $? = 0
configure:3800: test -s conftest.o
configure:3803: $? = 0
configure:3814: result: yes
configure:3855: checking pcap.h usability
configure:3868: gcc -c -g -O2  conftest.c >&5
configure:3871: $? = 0
configure:3874: test -s conftest.o
configure:3877: $? = 0
configure:3887: result: yes
configure:3891: checking pcap.h presence
configure:3902: gcc -E  conftest.c
configure:3908: $? = 0
configure:3927: result: yes
configure:3963: checking for pcap.h
configure:3970: result: yes
configure:4142: checking for main in -lpcap
configure:4167: gcc -o conftest -g -O2   conftest.c -lpcap   >&5
configure:4170: $? = 0
configure:4173: test -s conftest
configure:4176: $? = 0
configure:4188: result: yes
configure:4318: creating ./config.status

## ---------------------- ##
## Running config.status. ##
## ---------------------- ##

This file was extended by Monitoring API config.status 0.1, which was
generated by GNU Autoconf 2.57.  Invocation command line was

  CONFIG_FILES    = 
  CONFIG_HEADERS  = 
  CONFIG_LINKS    = 
  CONFIG_COMMANDS = 
  $ ./config.status 

on stealth

config.status:654: creating Makefile
config.status:654: creating src/Makefile
config.status:654: creating src/include/Makefile
config.status:758: creating src/include/config.h
config.status:867: src/include/config.h is unchanged
config.status:973: executing depfiles commands

## ---------------- ##
## Cache variables. ##
## ---------------- ##

ac_cv_c_compiler_gnu=yes
ac_cv_c_const=yes
ac_cv_c_inline=inline
ac_cv_cflags_option__O3=-O3
ac_cv_cflags_option__Wall=-Wall
ac_cv_cflags_option__finline_functions=-finline-functions
ac_cv_cflags_option__funroll_all_loops=-funroll-all-loops
ac_cv_env_CC_set=
ac_cv_env_CC_value=
ac_cv_env_CFLAGS_set=
ac_cv_env_CFLAGS_value=
ac_cv_env_CPPFLAGS_set=
ac_cv_env_CPPFLAGS_value=
ac_cv_env_CPP_set=
ac_cv_env_CPP_value=
ac_cv_env_LDFLAGS_set=
ac_cv_env_LDFLAGS_value=
ac_cv_env_build_alias_set=
ac_cv_env_build_alias_value=
ac_cv_env_host_alias_set=
ac_cv_env_host_alias_value=
ac_cv_env_target_alias_set=
ac_cv_env_target_alias_value=
ac_cv_exeext=
ac_cv_header_inttypes_h=yes
ac_cv_header_memory_h=yes
ac_cv_header_pcap_h=yes
ac_cv_header_stdc=yes
ac_cv_header_stdint_h=yes
ac_cv_header_stdlib_h=yes
ac_cv_header_string_h=yes
ac_cv_header_strings_h=yes
ac_cv_header_sys_stat_h=yes
ac_cv_header_sys_types_h=yes
ac_cv_header_unistd_h=yes
ac_cv_lib_pcap_main=yes
ac_cv_objext=o
ac_cv_path_install='/usr/bin/install -c'
ac_cv_prog_AWK=gawk
ac_cv_prog_CPP='gcc -E'
ac_cv_prog_ac_ct_CC=gcc
ac_cv_prog_ac_ct_RANLIB=ranlib
ac_cv_prog_cc_g=yes
ac_cv_prog_cc_stdc=
ac_cv_prog_egrep='grep -E'
ac_cv_prog_make_make_set=yes
am_cv_CC_dependencies_compiler_type=gcc3

## ----------------- ##
## Output variables. ##
## ----------------- ##

ACLOCAL='${SHELL} /current/mapi/libmapi/missing --run aclocal-1.6'
AMDEPBACKSLASH='\'
AMDEP_FALSE='#'
AMDEP_TRUE=''
AMTAR='${SHELL} /current/mapi/libmapi/missing --run tar'
AUTOCONF='${SHELL} /current/mapi/libmapi/missing --run autoconf'
AUTOHEADER='${SHELL} /current/mapi/libmapi/missing --run autoheader'
AUTOMAKE='${SHELL} /current/mapi/libmapi/missing --run automake-1.6'
AWK='gawk'
CC='gcc'
CCDEPMODE='depmode=gcc3'
CFLAGS='-g -O2'
CPP='gcc -E'
CPPFLAGS=''
DEFS='-DHAVE_CONFIG_H'
DEPDIR='.deps'
ECHO_C=''
ECHO_N='-n'
ECHO_T=''
EGREP='grep -E'
EXEEXT=''
INSTALL_DATA='${INSTALL} -m 644'
INSTALL_PROGRAM='${INSTALL}'
INSTALL_SCRIPT='${INSTALL}'
INSTALL_STRIP_PROGRAM='${SHELL} $(install_sh) -c -s'
LDFLAGS=''
LIBMAPI_CFLAGS=' -Wall -finline-functions -funroll-all-loops -O3'
LIBOBJS=''
LIBS='-lpcap '
LN_S='ln -s'
LTLIBOBJS=''
MAKEINFO='${SHELL} /current/mapi/libmapi/missing --run makeinfo'
OBJEXT='o'
PACKAGE='libmapi'
PACKAGE_BUGREPORT='xinidis@csd.uoc.gr'
PACKAGE_NAME='Monitoring API'
PACKAGE_STRING='Monitoring API 0.1'
PACKAGE_TARNAME='monitoring-api'
PACKAGE_VERSION='0.1'
PATH_SEPARATOR=':'
RANLIB='ranlib'
SET_MAKE=''
SHELL='/bin/sh'
STRIP=''
VERSION='0.0.1'
ac_ct_CC='gcc'
ac_ct_RANLIB='ranlib'
ac_ct_STRIP=''
am__include='include'
am__quote=''
bindir='${exec_prefix}/bin'
build_alias=''
datadir='${prefix}/share'
exec_prefix='${prefix}'
host_alias=''
includedir='${prefix}/include'
infodir='${prefix}/info'
install_sh='/current/mapi/libmapi/install-sh'
libdir='${exec_prefix}/lib'
libexecdir='${exec_prefix}/libexec'
localstatedir='${prefix}/var'
mandir='${prefix}/man'
oldincludedir='/usr/include'
prefix='/usr/local'
program_transform_name='s,x,x,'
sbindir='${exec_prefix}/sbin'
sharedstatedir='${prefix}/com'
sysconfdir='${prefix}/etc'
target_alias=''

## ----------- ##
## confdefs.h. ##
## ----------- ##

#define HAVE_INTTYPES_H 1
#define HAVE_LIBPCAP 1
#define HAVE_MEMORY_H 1
#define HAVE_PCAP_H 1
#define HAVE_STDINT_H 1
#define HAVE_STDLIB_H 1
#define HAVE_STRINGS_H 1
#define HAVE_STRING_H 1
#define HAVE_SYS_STAT_H 1
#define HAVE_SYS_TYPES_H 1
#define HAVE_UNISTD_H 1
#define PACKAGE "libmapi"
#define PACKAGE_BUGREPORT "xinidis@csd.uoc.gr"
#define PACKAGE_NAME "Monitoring API"
#define PACKAGE_STRING "Monitoring API 0.1"
#define PACKAGE_TARNAME "monitoring-api"
#define PACKAGE_VERSION "0.1"
#define STDC_HEADERS 1
#define VERSION "0.0.1"

configure: exit 0
