This file contains any messages produced by compilers while
running configure, to aid debugging if configure makes a mistake.

It was created by mapi configure 0.0.1, which was
generated by GNU Autoconf 2.57.  Invocation command line was

  $ ./configure 

## --------- ##
## Platform. ##
## --------- ##

hostname = stealth
uname -m = i686
uname -r = 2.4.21perfcnt
uname -s = Linux
uname -v = #9 Sat Sep 20 14:51:14 EEST 2003

/usr/bin/uname -p = unknown
/bin/uname -X     = unknown

/bin/arch              = i686
/usr/bin/arch -k       = unknown
/usr/convex/getsysinfo = unknown
hostinfo               = unknown
/bin/machine           = unknown
/usr/bin/oslevel       = unknown
/bin/universe          = unknown

PATH: /usr/local/sbin
PATH: /usr/local/bin
PATH: /sbin
PATH: /bin
PATH: /usr/sbin
PATH: /usr/bin
PATH: /usr/X11R6/bin
PATH: /usr/java/j2sdk1.4.1_03/bin
PATH: /usr/local/mysqlcc
PATH: /usr/local/armbe/bin
PATH: /opt/ixasdk/bin
PATH: /root/bin
PATH: /usr/java/j2sdk1.4.1_03/bin
PATH: /usr/local/mysqlcc
PATH: /usr/local/armbe/bin
PATH: /opt/ixasdk/bin
PATH: /usr/java/j2sdk1.4.1_03/bin
PATH: /usr/local/mysqlcc
PATH: /usr/local/armbe/bin
PATH: /opt/ixasdk/bin


## ----------- ##
## Core tests. ##
## ----------- ##

configure:1247: checking for a BSD-compatible install
configure:1301: result: /usr/bin/install -c
configure:1312: checking whether build environment is sane
configure:1355: result: yes
configure:1388: checking for gawk
configure:1404: found /bin/gawk
configure:1414: result: gawk
configure:1424: checking whether make sets $(MAKE)
configure:1444: result: yes
configure:1726: creating ./config.status

## ---------------------- ##
## Running config.status. ##
## ---------------------- ##

This file was extended by mapi config.status 0.0.1, which was
generated by GNU Autoconf 2.57.  Invocation command line was

  CONFIG_FILES    = 
  CONFIG_HEADERS  = 
  CONFIG_LINKS    = 
  CONFIG_COMMANDS = 
  $ ./config.status 

on stealth

config.status:613: creating Makefile
configure:2535: configuring in module
configure:2619: running /bin/sh './configure' --prefix=/usr/local  --cache-file=/dev/null --srcdir=.
configure:2535: configuring in libmapi
configure:2619: running /bin/sh './configure' --prefix=/usr/local  --cache-file=/dev/null --srcdir=.

## ---------------- ##
## Cache variables. ##
## ---------------- ##

ac_cv_env_build_alias_set=
ac_cv_env_build_alias_value=
ac_cv_env_host_alias_set=
ac_cv_env_host_alias_value=
ac_cv_env_target_alias_set=
ac_cv_env_target_alias_value=
ac_cv_path_install='/usr/bin/install -c'
ac_cv_prog_AWK=gawk
ac_cv_prog_make_make_set=yes

## ----------------- ##
## Output variables. ##
## ----------------- ##

ACLOCAL='${SHELL} /current/mapi/dist/missing --run aclocal-1.6'
AMTAR='${SHELL} /current/mapi/dist/missing --run tar'
AUTOCONF='${SHELL} /current/mapi/dist/missing --run autoconf'
AUTOHEADER='${SHELL} /current/mapi/dist/missing --run autoheader'
AUTOMAKE='${SHELL} /current/mapi/dist/missing --run automake-1.6'
AWK='gawk'
DEFS='-DPACKAGE_NAME=\"mapi\" -DPACKAGE_TARNAME=\"mapi\" -DPACKAGE_VERSION=\"0.0.1\" -DPACKAGE_STRING=\"mapi\ 0.0.1\" -DPACKAGE_BUGREPORT=\"xinidis@csd.uoc.gr\" -DPACKAGE=\"mapi\" -DVERSION=\"0.0.1\" '
ECHO_C=''
ECHO_N='-n'
ECHO_T=''
INSTALL_DATA='${INSTALL} -m 644'
INSTALL_PROGRAM='${INSTALL}'
INSTALL_SCRIPT='${INSTALL}'
INSTALL_STRIP_PROGRAM='${SHELL} $(install_sh) -c -s'
LIBOBJS=''
LIBS=''
LTLIBOBJS=''
MAKEINFO='${SHELL} /current/mapi/dist/missing --run makeinfo'
PACKAGE='mapi'
PACKAGE_BUGREPORT='xinidis@csd.uoc.gr'
PACKAGE_NAME='mapi'
PACKAGE_STRING='mapi 0.0.1'
PACKAGE_TARNAME='mapi'
PACKAGE_VERSION='0.0.1'
PATH_SEPARATOR=':'
SET_MAKE=''
SHELL='/bin/sh'
STRIP=''
VERSION='0.0.1'
ac_ct_STRIP=''
bindir='${exec_prefix}/bin'
build_alias=''
datadir='${prefix}/share'
exec_prefix='${prefix}'
host_alias=''
includedir='${prefix}/include'
infodir='${prefix}/info'
install_sh='/current/mapi/dist/install-sh'
libdir='${exec_prefix}/lib'
libexecdir='${exec_prefix}/libexec'
localstatedir='${prefix}/var'
mandir='${prefix}/man'
oldincludedir='/usr/include'
prefix='/usr/local'
program_transform_name='s,x,x,'
sbindir='${exec_prefix}/sbin'
sharedstatedir='${prefix}/com'
subdirs=' module libmapi'
sysconfdir='${prefix}/etc'
target_alias=''

## ----------- ##
## confdefs.h. ##
## ----------- ##

#define PACKAGE "mapi"
#define PACKAGE_BUGREPORT "xinidis@csd.uoc.gr"
#define PACKAGE_NAME "mapi"
#define PACKAGE_STRING "mapi 0.0.1"
#define PACKAGE_TARNAME "mapi"
#define PACKAGE_VERSION "0.0.1"
#define VERSION "0.0.1"

configure: exit 0
