This file contains any messages produced by compilers while
running configure, to aid debugging if configure makes a mistake.

It was created by Monitoring API configure 0.1, which was
generated by GNU Autoconf 2.57.  Invocation command line was

  $ ./configure 

## --------- ##
## Platform. ##
## --------- ##

hostname = stealth
uname -m = i686
uname -r = 2.4.21perfcnt
uname -s = Linux
uname -v = #9 Sat Sep 20 14:51:14 EEST 2003

/usr/bin/uname -p = unknown
/bin/uname -X     = unknown

/bin/arch              = i686
/usr/bin/arch -k       = unknown
/usr/convex/getsysinfo = unknown
hostinfo               = unknown
/bin/machine           = unknown
/usr/bin/oslevel       = unknown
/bin/universe          = unknown

PATH: /usr/local/sbin
PATH: /usr/local/bin
PATH: /sbin
PATH: /bin
PATH: /usr/sbin
PATH: /usr/bin
PATH: /usr/X11R6/bin
PATH: /usr/java/j2sdk1.4.1_03/bin
PATH: /usr/local/mysqlcc
PATH: /usr/local/armbe/bin
PATH: /opt/ixasdk/bin
PATH: /root/bin
PATH: /usr/java/j2sdk1.4.1_03/bin
PATH: /usr/local/mysqlcc
PATH: /usr/local/armbe/bin
PATH: /opt/ixasdk/bin
PATH: /usr/java/j2sdk1.4.1_03/bin
PATH: /usr/local/mysqlcc
PATH: /usr/local/armbe/bin
PATH: /opt/ixasdk/bin


## ----------- ##
## Core tests. ##
## ----------- ##

configure:1284: checking for a BSD-compatible install
configure:1338: result: /usr/bin/install -c
configure:1349: checking whether build environment is sane
configure:1392: result: yes
configure:1425: checking for gawk
configure:1441: found /bin/gawk
configure:1451: result: gawk
configure:1461: checking whether make sets $(MAKE)
configure:1481: result: yes
configure:1682: checking for gcc
configure:1698: found /usr/bin/gcc
configure:1708: result: gcc
configure:1952: checking for C compiler version
configure:1955: gcc --version </dev/null >&5
gcc (GCC) 3.2.2 20030222 (Red Hat Linux 3.2.2-5)
Copyright (C) 2002 Free Software Foundation, Inc.
This is free software; see the source for copying conditions.  There is NO
warranty; not even for MERCHANTABILITY or FITNESS FOR A PARTICULAR PURPOSE.

configure:1958: $? = 0
configure:1960: gcc -v </dev/null >&5
Reading specs from /usr/lib/gcc-lib/i386-redhat-linux/3.2.2/specs
Configured with: ../configure --prefix=/usr --mandir=/usr/share/man --infodir=/usr/share/info --enable-shared --enable-threads=posix --disable-checking --with-system-zlib --enable-__cxa_atexit --host=i386-redhat-linux
Thread model: posix
gcc version 3.2.2 20030222 (Red Hat Linux 3.2.2-5)
configure:1963: $? = 0
configure:1965: gcc -V </dev/null >&5
gcc: argument to `-V' is missing
configure:1968: $? = 1
configure:1992: checking for C compiler default output
configure:1995: gcc    conftest.c  >&5
configure:1998: $? = 0
configure:2044: result: a.out
configure:2049: checking whether the C compiler works
configure:2055: ./a.out
configure:2058: $? = 0
configure:2075: result: yes
configure:2082: checking whether we are cross compiling
configure:2084: result: no
configure:2087: checking for suffix of executables
configure:2089: gcc -o conftest    conftest.c  >&5
configure:2092: $? = 0
configure:2117: result: 
configure:2123: checking for suffix of object files
configure:2145: gcc -c   conftest.c >&5
configure:2148: $? = 0
configure:2170: result: o
configure:2174: checking whether we are using the GNU C compiler
configure:2199: gcc -c   conftest.c >&5
configure:2202: $? = 0
configure:2205: test -s conftest.o
configure:2208: $? = 0
configure:2221: result: yes
configure:2227: checking whether gcc accepts -g
configure:2249: gcc -c -g  conftest.c >&5
configure:2252: $? = 0
configure:2255: test -s conftest.o
configure:2258: $? = 0
configure:2269: result: yes
configure:2286: checking for gcc option to accept ANSI C
configure:2347: gcc  -c -g -O2  conftest.c >&5
configure:2350: $? = 0
configure:2353: test -s conftest.o
configure:2356: $? = 0
configure:2374: result: none needed
configure:2392: gcc -c -g -O2  conftest.c >&5
conftest.c:2: parse error before "me"
configure:2395: $? = 1
configure: failed program was:
| #ifndef __cplusplus
|   choke me
| #endif
configure:2523: checking for style of include used by make
configure:2551: result: GNU
configure:2579: checking dependency style of gcc
configure:2641: result: none
configure:2658: checking for a BSD-compatible install
configure:2712: result: /usr/bin/install -c
configure:2726: checking for modprobe
configure:2745: found /sbin/modprobe
configure:2757: result: /sbin/modprobe
configure:2771: checking for depmod
configure:2790: found /sbin/depmod
configure:2802: result: /sbin/depmod
configure:2816: checking for insmod
configure:2835: found /sbin/insmod
configure:2847: result: /sbin/insmod
configure:2860: checking for rmmod
configure:2879: found /sbin/rmmod
configure:2891: result: /sbin/rmmod
configure:2905: checking for an ANSI C-conforming const
configure:2973: gcc -c -g -O2  conftest.c >&5
configure:2976: $? = 0
configure:2979: test -s conftest.o
configure:2982: $? = 0
configure:2993: result: yes
configure:3003: checking for inline
configure:3025: gcc -c -g -O2  conftest.c >&5
configure:3028: $? = 0
configure:3031: test -s conftest.o
configure:3034: $? = 0
configure:3046: result: inline
configure:3062: checking gcc for -finline-functions option
configure:3096: gcc -c -g -O2 -pedantic  -finline-functions  conftest.c >&5
configure:3099: $? = 0
configure:3102: test -s conftest.o
configure:3105: $? = 0
configure:3124: result: -finline-functions
configure:3136: : MODCFLAGS="$MODCFLAGS $ac_cv_cflags_option__finline_functions"
configure:3139: $? = 0
configure:3146: checking gcc for -funroll-all-loops option
configure:3180: gcc -c -g -O2 -pedantic  -funroll-all-loops  conftest.c >&5
configure:3183: $? = 0
configure:3186: test -s conftest.o
configure:3189: $? = 0
configure:3208: result: -funroll-all-loops
configure:3220: : MODCFLAGS="$MODCFLAGS $ac_cv_cflags_option__funroll_all_loops"
configure:3223: $? = 0
configure:3230: checking gcc for -fomit-frame-pointer option
configure:3264: gcc -c -g -O2 -pedantic  -fomit-frame-pointer  conftest.c >&5
configure:3267: $? = 0
configure:3270: test -s conftest.o
configure:3273: $? = 0
configure:3292: result: -fomit-frame-pointer
configure:3304: : MODCFLAGS="$MODCFLAGS $ac_cv_cflags_option__fomit_frame_pointer"
configure:3307: $? = 0
configure:3341: checking for kernel version
configure:3344: result: 2.4.21perfcnt
configure:3357: checking for preempt patch
configure:3383: gcc -c -I/lib/modules/2.4.21perfcnt/build/include -O2 -D__KERNEL__  conftest.c >&5
configure: In function `main':
configure:3378: stray '\' in program
configure:3378: stray '\' in program
configure:3386: $? = 1
configure: failed program was:
| #line 3362 "configure"
| /* confdefs.h.  */
| 
| #define PACKAGE_NAME "Monitoring API"
| #define PACKAGE_TARNAME "monitoring-api"
| #define PACKAGE_VERSION "0.1"
| #define PACKAGE_STRING "Monitoring API 0.1"
| #define PACKAGE_BUGREPORT "xinidis@csd.uoc.gr"
| #define PACKAGE "mapi"
| #define VERSION "0.0.1"
| /* end confdefs.h.  */
| #include <linux/config.h>
| int
| main ()
| {
| 
| #ifndef CONFIG_PREEMPT
| break_me_hard(\\);
| #endif
| 
|   ;
|   return 0;
| }
configure:3406: result: no
configure:3524: creating ./config.status

## ---------------------- ##
## Running config.status. ##
## ---------------------- ##

This file was extended by Monitoring API config.status 0.1, which was
generated by GNU Autoconf 2.57.  Invocation command line was

  CONFIG_FILES    = 
  CONFIG_HEADERS  = 
  CONFIG_LINKS    = 
  CONFIG_COMMANDS = 
  $ ./config.status 

on stealth

config.status:682: creating Makefile
config.status:682: creating src/Makefile
config.status:682: creating src/profiling/Makefile
config.status:682: creating src/functions/Makefile
config.status:682: creating src/functions/check/Makefile
config.status:682: creating src/functions/cooking/Makefile
config.status:682: creating src/functions/cooking/ipv4/Makefile
config.status:682: creating src/functions/cooking/udp/Makefile
config.status:682: creating src/functions/cooking/tcp/Makefile
config.status:682: creating src/functions/count/Makefile
config.status:682: creating src/functions/filter/Makefile
config.status:682: creating src/functions/flow/Makefile
config.status:682: creating src/functions/flow/report/Makefile
config.status:682: creating src/functions/flow/subflow/Makefile
config.status:682: creating src/functions/logging/Makefile
config.status:682: creating src/functions/meter/Makefile
config.status:682: creating src/functions/performance/Makefile
config.status:682: creating src/functions/print/Makefile
config.status:682: creating src/functions/save/Makefile
config.status:682: creating src/functions/search/Makefile
config.status:682: creating src/functions/tree/Makefile
config.status:682: creating src/functions/tree/decide/Makefile
config.status:682: creating src/misc/Makefile
config.status:682: creating src/include/Makefile
config.status:682: creating src/include/linux/Makefile
config.status:682: creating src/include/linux/mapi/Makefile
config.status:682: creating examples/Rules.make
config.status:786: creating src/include/linux/mapi/config.h
config.status:871: src/include/linux/mapi/config.h is unchanged
config.status:977: executing depfiles commands

## ---------------- ##
## Cache variables. ##
## ---------------- ##

ac_cv_c_compiler_gnu=yes
ac_cv_c_const=yes
ac_cv_c_inline=inline
ac_cv_cflags_option__finline_functions=-finline-functions
ac_cv_cflags_option__fomit_frame_pointer=-fomit-frame-pointer
ac_cv_cflags_option__funroll_all_loops=-funroll-all-loops
ac_cv_env_CC_set=
ac_cv_env_CC_value=
ac_cv_env_CFLAGS_set=
ac_cv_env_CFLAGS_value=
ac_cv_env_CPPFLAGS_set=
ac_cv_env_CPPFLAGS_value=
ac_cv_env_LDFLAGS_set=
ac_cv_env_LDFLAGS_value=
ac_cv_env_build_alias_set=
ac_cv_env_build_alias_value=
ac_cv_env_host_alias_set=
ac_cv_env_host_alias_value=
ac_cv_env_target_alias_set=
ac_cv_env_target_alias_value=
ac_cv_exeext=
ac_cv_objext=o
ac_cv_path_DEPMOD=/sbin/depmod
ac_cv_path_INSMOD=/sbin/insmod
ac_cv_path_MODPROBE=/sbin/modprobe
ac_cv_path_RMMOD=/sbin/rmmod
ac_cv_path_install='/usr/bin/install -c'
ac_cv_prog_AWK=gawk
ac_cv_prog_ac_ct_CC=gcc
ac_cv_prog_cc_g=yes
ac_cv_prog_cc_stdc=
ac_cv_prog_make_make_set=yes
am_cv_CC_dependencies_compiler_type=none

## ----------------- ##
## Output variables. ##
## ----------------- ##

ACLOCAL='${SHELL} /current/mapi/module/missing --run aclocal-1.6'
AMDEPBACKSLASH='\'
AMDEP_FALSE='#'
AMDEP_TRUE=''
AMTAR='${SHELL} /current/mapi/module/missing --run tar'
AUTOCONF='${SHELL} /current/mapi/module/missing --run autoconf'
AUTOHEADER='${SHELL} /current/mapi/module/missing --run autoheader'
AUTOMAKE='${SHELL} /current/mapi/module/missing --run automake-1.6'
AWK='gawk'
CC='gcc'
CCDEPMODE='depmode=none'
CFLAGS='-g -O2'
CPPFLAGS=''
DEFS='-DHAVE_CONFIG_H'
DEPDIR='.deps'
DEPMOD='/sbin/depmod'
ECHO_C=''
ECHO_N='-n'
ECHO_T=''
EXEEXT=''
INSMOD='/sbin/insmod'
INSTALL_DATA='${INSTALL} -m 644'
INSTALL_PROGRAM='${INSTALL}'
INSTALL_SCRIPT='${INSTALL}'
INSTALL_STRIP_PROGRAM='${SHELL} $(install_sh) -c -s'
KINC='/lib/modules/2.4.21perfcnt/build/include'
KSERIES='2.4'
KSRC='/lib/modules/2.4.21perfcnt/build'
KVERS='2.4.21perfcnt'
LDFLAGS=''
LIBOBJS=''
LIBS=''
LTLIBOBJS=''
MAKEINFO='${SHELL} /current/mapi/module/missing --run makeinfo'
MAPI_MODULE_DIR='/current/mapi/module'
MODCFLAGS=' -finline-functions -funroll-all-loops -fomit-frame-pointer'
MODPROBE='/sbin/modprobe'
OBJEXT='o'
PACKAGE='mapi'
PACKAGE_BUGREPORT='xinidis@csd.uoc.gr'
PACKAGE_NAME='Monitoring API'
PACKAGE_STRING='Monitoring API 0.1'
PACKAGE_TARNAME='monitoring-api'
PACKAGE_VERSION='0.1'
PATH_SEPARATOR=':'
RMMOD='/sbin/rmmod'
SET_MAKE=''
SHELL='/bin/sh'
STRIP=''
VERSION='0.0.1'
ac_ct_CC='gcc'
ac_ct_STRIP=''
am__include='include'
am__quote=''
bindir='${exec_prefix}/bin'
build_alias=''
datadir='${prefix}/share'
exec_prefix='${prefix}'
host_alias=''
includedir='${prefix}/include'
infodir='${prefix}/info'
install_sh='/current/mapi/module/install-sh'
libdir='${exec_prefix}/lib'
libexecdir='${exec_prefix}/libexec'
localstatedir='${prefix}/var'
mandir='${prefix}/man'
oldincludedir='/usr/include'
prefix='/usr/local'
program_transform_name='s,x,x,'
sbindir='${exec_prefix}/sbin'
sharedstatedir='${prefix}/com'
sysconfdir='${prefix}/etc'
target_alias=''

## ----------- ##
## confdefs.h. ##
## ----------- ##

#define PACKAGE "mapi"
#define PACKAGE_BUGREPORT "xinidis@csd.uoc.gr"
#define PACKAGE_NAME "Monitoring API"
#define PACKAGE_STRING "Monitoring API 0.1"
#define PACKAGE_TARNAME "monitoring-api"
#define PACKAGE_VERSION "0.1"
#define VERSION "0.0.1"

configure: exit 0
